<?xml version="1.0" encoding="UTF-8"?>
<testng-results skipped="0" failed="0" total="1" passed="1">
  <reporter-output>
  </reporter-output>
  <suite name="Default suite" duration-ms="70445" started-at="2016-10-27T12:30:37Z" finished-at="2016-10-27T12:31:47Z">
    <groups>
    </groups>
    <test name="Default test" duration-ms="70445" started-at="2016-10-27T12:30:37Z" finished-at="2016-10-27T12:31:47Z">
      <class name="com.alip.testcases.SubmitSFVULApp">
        <test-method status="PASS" signature="Start()[pri:1, instance:com.alip.testcases.SubmitSFVULApp@4de8b406]" name="Start" duration-ms="70406" started-at="2016-10-27T18:00:37Z" finished-at="2016-10-27T18:01:47Z">
          <reporter-output>
          </reporter-output>
        </test-method> <!-- Start -->
      </class> <!-- com.alip.testcases.SubmitSFVULApp -->
    </test> <!-- Default test -->
  </suite> <!-- Default suite -->
</testng-results>
