<?xml version="1.0" encoding="UTF-8"?>
<testng-results skipped="0" failed="0" total="1" passed="1">
  <reporter-output>
  </reporter-output>
  <suite name="Default suite" duration-ms="68691" started-at="2016-11-04T08:15:15Z" finished-at="2016-11-04T08:16:23Z">
    <groups>
    </groups>
    <test name="Default test" duration-ms="68691" started-at="2016-11-04T08:15:15Z" finished-at="2016-11-04T08:16:23Z">
      <class name="com.alip.testcases.SubmitSFVULApp">
        <test-method status="PASS" signature="Start()[pri:1, instance:com.alip.testcases.SubmitSFVULApp@4de8b406]" name="Start" duration-ms="68625" started-at="2016-11-04T13:45:15Z" finished-at="2016-11-04T13:46:23Z">
          <reporter-output>
          </reporter-output>
        </test-method> <!-- Start -->
      </class> <!-- com.alip.testcases.SubmitSFVULApp -->
    </test> <!-- Default test -->
  </suite> <!-- Default suite -->
</testng-results>
